#
# There is insufficient memory for the Java Runtime Environment to continue.
# Native memory allocation (mmap) failed to map 134217728 bytes for G1 virtual space
# Possible reasons:
#   The system is out of physical RAM or swap space
#   The process is running with CompressedOops enabled, and the Java Heap may be blocking the growth of the native heap
# Possible solutions:
#   Reduce memory load on the system
#   Increase physical memory or swap space
#   Check if swap backing store is full
#   Decrease Java heap size (-Xmx/-Xms)
#   Decrease number of Java threads
#   Decrease Java thread stack sizes (-Xss)
#   Set larger code cache with -XX:ReservedCodeCacheSize=
#   JVM is running with Unscaled Compressed Oops mode in which the Java heap is
#     placed in the first 4GB address space. The Java Heap base address is the
#     maximum limit for the native heap growth. Please use -XX:HeapBaseMinAddress
#     to set the Java Heap base and to place the Java Heap above 4GB virtual address.
# This output file may be truncated or incomplete.
#
#  Out of Memory Error (os_windows.cpp:3550), pid=3940, tid=3140
#
# JRE version:  (17.0.6+9) (build )
# Java VM: Java HotSpot(TM) 64-Bit Server VM (17.0.6+9-LTS-190, mixed mode, sharing, tiered, compressed oops, compressed class ptrs, g1 gc, windows-amd64)
# No core dump will be written. Minidumps are not enabled by default on client versions of Windows
#

---------------  S U M M A R Y ------------

Command Line: -Dfile.encoding=windows-1252 -Duser.country=CO -Duser.language=es -Duser.variant com.procesos.inventario.InventarioApplication

Host: Intel(R) Core(TM) i3-9100F CPU @ 3.60GHz, 4 cores, 7G,  Windows 10 , 64 bit Build 19041 (10.0.19041.3031)
Time: Thu Jun 22 11:00:31 2023 Hora est. Pacífico, Sudamérica elapsed time: 0.009670 seconds (0d 0h 0m 0s)

---------------  T H R E A D  ---------------

Current thread (0x00000270a0e704f0):  JavaThread "Unknown thread" [_thread_in_vm, id=3140, stack(0x000000e49af00000,0x000000e49b000000)]

Stack: [0x000000e49af00000,0x000000e49b000000]
Native frames: (J=compiled Java code, j=interpreted, Vv=VM code, C=native code)
V  [jvm.dll+0x6734ea]
V  [jvm.dll+0x7d18f4]
V  [jvm.dll+0x7d309e]
V  [jvm.dll+0x7d3703]
V  [jvm.dll+0x2433c5]
V  [jvm.dll+0x6703f9]
V  [jvm.dll+0x664d32]
V  [jvm.dll+0x300086]
V  [jvm.dll+0x307606]
V  [jvm.dll+0x356c1e]
V  [jvm.dll+0x356e4f]
V  [jvm.dll+0x2d72e8]
V  [jvm.dll+0x2d8254]
V  [jvm.dll+0x7a33b1]
V  [jvm.dll+0x3647f1]
V  [jvm.dll+0x782839]
V  [jvm.dll+0x3e757f]
V  [jvm.dll+0x3e9001]
C  [jli.dll+0x5297]
C  [ucrtbase.dll+0x21bb2]
C  [KERNEL32.DLL+0x17614]
C  [ntdll.dll+0x526f1]


---------------  P R O C E S S  ---------------

Threads class SMR info:
_java_thread_list=0x00007ff9ddbfe958, length=0, elements={
}

Java Threads: ( => current thread )

Other Threads:
  0x00000270a0ecae00 GCTaskThread "GC Thread#0" [stack: 0x000000e49b000000,0x000000e49b100000] [id=10800]
  0x00000270a0edcaa0 ConcurrentGCThread "G1 Main Marker" [stack: 0x000000e49b100000,0x000000e49b200000] [id=3912]
  0x00000270a0edd3c0 ConcurrentGCThread "G1 Conc#0" [stack: 0x000000e49b200000,0x000000e49b300000] [id=5852]

[error occurred during error reporting (printing all threads), id 0xc0000005, EXCEPTION_ACCESS_VIOLATION (0xc0000005) at pc=0x00007ff9dd437f07]

VM state: not at safepoint (not fully initialized)

VM Mutex/Monitor currently owned by a thread:  ([mutex/lock_event])
[0x00000270a0e6ba80] Heap_lock - owner thread: 0x00000270a0e704f0

Heap address: 0x0000000080e00000, size: 2034 MB, Compressed Oops mode: 32-bit

CDS archive(s) mapped at: [0x0000000000000000-0x0000000000000000-0x0000000000000000), size 0, SharedBaseAddress: 0x0000000800000000, ArchiveRelocationMode: 0.
Narrow klass base: 0x0000000000000000, Narrow klass shift: 0, Narrow klass range: 0x0

GC Precious Log:
<Empty>

Heap:
 garbage-first heap   total 0K, used 0K [0x0000000080e00000, 0x0000000100000000)
  region size 1024K, 0 young (0K), 0 survivors (0K)

[error occurred during error reporting (printing heap information), id 0xc0000005, EXCEPTION_ACCESS_VIOLATION (0xc0000005) at pc=0x00007ff9dd81c759]

GC Heap History (0 events):
No events

Deoptimization events (0 events):
No events

Classes unloaded (0 events):
No events

Classes redefined (0 events):
No events

Internal exceptions (0 events):
No events

VM Operations (0 events):
No events

Events (1 events):
Event: 0.005 Loaded shared library C:\Program Files\Java\jdk-17\bin\java.dll


Dynamic libraries:
0x00007ff7afa20000 - 0x00007ff7afa30000 	C:\Program Files\Java\jdk-17\bin\java.exe
0x00007ffa48e50000 - 0x00007ffa49048000 	C:\Windows\SYSTEM32\ntdll.dll
0x00007ffa48270000 - 0x00007ffa4832f000 	C:\Windows\System32\KERNEL32.DLL
0x00007ffa46b60000 - 0x00007ffa46e56000 	C:\Windows\System32\KERNELBASE.dll
0x00007ffa46980000 - 0x00007ffa46a80000 	C:\Windows\System32\ucrtbase.dll
0x00007ffa40130000 - 0x00007ffa40148000 	C:\Program Files\Java\jdk-17\bin\jli.dll
0x00007ffa3b160000 - 0x00007ffa3b17b000 	C:\Program Files\Java\jdk-17\bin\VCRUNTIME140.dll
0x00007ffa48d40000 - 0x00007ffa48def000 	C:\Windows\System32\ADVAPI32.dll
0x00007ffa477a0000 - 0x00007ffa4783e000 	C:\Windows\System32\msvcrt.dll
0x00007ffa48ca0000 - 0x00007ffa48d3c000 	C:\Windows\System32\sechost.dll
0x00007ffa48110000 - 0x00007ffa48236000 	C:\Windows\System32\RPCRT4.dll
0x00007ffa47dd0000 - 0x00007ffa47f6d000 	C:\Windows\System32\USER32.dll
0x00007ffa46650000 - 0x00007ffa46672000 	C:\Windows\System32\win32u.dll
0x00007ffa48240000 - 0x00007ffa4826c000 	C:\Windows\System32\GDI32.dll
0x00007ffa37b60000 - 0x00007ffa37dfa000 	C:\Windows\WinSxS\amd64_microsoft.windows.common-controls_6595b64144ccf1df_6.0.19041.1110_none_60b5254171f9507e\COMCTL32.dll
0x00007ffa46530000 - 0x00007ffa46645000 	C:\Windows\System32\gdi32full.dll
0x00007ffa468e0000 - 0x00007ffa4697d000 	C:\Windows\System32\msvcp_win.dll
0x00007ffa41bf0000 - 0x00007ffa41bfa000 	C:\Windows\SYSTEM32\VERSION.dll
0x00007ffa474c0000 - 0x00007ffa474f0000 	C:\Windows\System32\IMM32.DLL
0x00007ffa40120000 - 0x00007ffa4012c000 	C:\Program Files\Java\jdk-17\bin\vcruntime140_1.dll
0x00007ff9f9b70000 - 0x00007ff9f9bfe000 	C:\Program Files\Java\jdk-17\bin\msvcp140.dll
0x00007ff9dd150000 - 0x00007ff9ddd27000 	C:\Program Files\Java\jdk-17\bin\server\jvm.dll
0x00007ffa48100000 - 0x00007ffa48108000 	C:\Windows\System32\PSAPI.DLL
0x00007ffa38af0000 - 0x00007ffa38af9000 	C:\Windows\SYSTEM32\WSOCK32.dll
0x00007ffa373f0000 - 0x00007ffa37417000 	C:\Windows\SYSTEM32\WINMM.dll
0x00007ffa48c30000 - 0x00007ffa48c9b000 	C:\Windows\System32\WS2_32.dll
0x00007ffa44320000 - 0x00007ffa44332000 	C:\Windows\SYSTEM32\kernel.appcore.dll
0x00007ffa3b590000 - 0x00007ffa3b59a000 	C:\Program Files\Java\jdk-17\bin\jimage.dll
0x00007ffa414a0000 - 0x00007ffa41684000 	C:\Windows\SYSTEM32\DBGHELP.DLL
0x00007ffa41090000 - 0x00007ffa410c4000 	C:\Windows\SYSTEM32\dbgcore.DLL
0x00007ffa46850000 - 0x00007ffa468d2000 	C:\Windows\System32\bcryptPrimitives.dll
0x00007ffa1ec90000 - 0x00007ffa1ecb5000 	C:\Program Files\Java\jdk-17\bin\java.dll

dbghelp: loaded successfully - version: 4.0.5 - missing functions: none
symbol engine: initialized successfully - sym options: 0x614 - pdb path: .;C:\Program Files\Java\jdk-17\bin;C:\Windows\SYSTEM32;C:\Windows\WinSxS\amd64_microsoft.windows.common-controls_6595b64144ccf1df_6.0.19041.1110_none_60b5254171f9507e;C:\Program Files\Java\jdk-17\bin\server

VM Arguments:
jvm_args: -Dfile.encoding=windows-1252 -Duser.country=CO -Duser.language=es -Duser.variant 
java_command: com.procesos.inventario.InventarioApplication
java_class_path (initial): D:\Escritorio\Parcial-2-Procesos\build\classes\java\main;D:\Escritorio\Parcial-2-Procesos\build\resources\main;C:\Users\RAFAEL\.gradle\caches\modules-2\files-2.1\org.springframework.boot\spring-boot-starter-data-jpa\2.7.9\5af4a206fd4eaac881b7d96ca1ef19b2111a355c\spring-boot-starter-data-jpa-2.7.9.jar;C:\Users\RAFAEL\.gradle\caches\modules-2\files-2.1\org.springframework.boot\spring-boot-starter-web\2.7.9\e745a069e2b7ca51e378fcbc397d14dd82178199\spring-boot-starter-web-2.7.9.jar;C:\Users\RAFAEL\.gradle\caches\modules-2\files-2.1\io.jsonwebtoken\jjwt\0.2\91e12a0c77d8ea7dc97c60e3db85659325dd2e93\jjwt-0.2.jar;C:\Users\RAFAEL\.gradle\caches\modules-2\files-2.1\org.springframework.boot\spring-boot-starter-security\2.7.9\ca8e422a56493e99a7c8c9d56d92091256d9fed7\spring-boot-starter-security-2.7.9.jar;C:\Users\RAFAEL\.gradle\caches\modules-2\files-2.1\org.springdoc\springdoc-openapi-ui\1.7.0\f4763107b0fb1f9c17fe6523b2fd0ca6cb201d66\springdoc-openapi-ui-1.7.0.jar;C:\Users\RAFAEL\.gradle\caches\modules-2\files-2.1\org.springframework.boot\spring-boot-starter-aop\2.7.9\9bd6ddd1f956f44dc954ec6915123998c3afe7ce\spring-boot-starter-aop-2.7.9.jar;C:\Users\RAFAEL\.gradle\caches\modules-2\files-2.1\org.springframework.boot\spring-boot-starter-jdbc\2.7.9\e09f4ac40a09826c3eff01369d5b56e2abcea9c9\spring-boot-starter-jdbc-2.7.9.jar;C:\Users\RAFAEL\.gradle\caches\modules-2\files-2.1\jakarta.transaction\jakarta.transaction-api\1.3.3\c4179d48720a1e87202115fbed6089bdc4195405\jakarta.transaction-api-1.3.3.jar;C:\Users\RAFAEL\.gradle\caches\modules-2\files-2.1\jakarta.persistence\jakarta.persistence-api\2.2.3\8f6ea5daedc614f07a3654a455660145286f024e\jakarta.persistence-api-2.2.3.jar;C:\Users\RAFAEL\.gradle\caches\modules-2\files-2.1\org.hibernate\hibernate-core\5.6.15.Final\ab14b7cef1fdff654ca81923048a6034d6c7cfa7\hibernate-core-5.6.15.Final.jar;C:\Users\RAFAEL\.gradle\caches\modules-2\files-2.1\org.springframework.data\spring-data-jpa\2.7.8\feb737f6eda0f40b8170d19
Launcher Type: SUN_STANDARD

[Global flags]
     intx CICompilerCount                          = 3                                         {product} {ergonomic}
     uint ConcGCThreads                            = 1                                         {product} {ergonomic}
     uint G1ConcRefinementThreads                  = 4                                         {product} {ergonomic}
   size_t G1HeapRegionSize                         = 1048576                                   {product} {ergonomic}
    uintx GCDrainStackTargetSize                   = 64                                        {product} {ergonomic}
   size_t InitialHeapSize                          = 134217728                                 {product} {ergonomic}
   size_t MarkStackSize                            = 4194304                                   {product} {ergonomic}
   size_t MaxHeapSize                              = 2132803584                                {product} {ergonomic}
   size_t MinHeapDeltaBytes                        = 1048576                                   {product} {ergonomic}
   size_t MinHeapSize                              = 8388608                                   {product} {ergonomic}
    uintx NonNMethodCodeHeapSize                   = 5832780                                {pd product} {ergonomic}
    uintx NonProfiledCodeHeapSize                  = 122912730                              {pd product} {ergonomic}
    uintx ProfiledCodeHeapSize                     = 122912730                              {pd product} {ergonomic}
    uintx ReservedCodeCacheSize                    = 251658240                              {pd product} {ergonomic}
     bool SegmentedCodeCache                       = true                                      {product} {ergonomic}
   size_t SoftMaxHeapSize                          = 2132803584                             {manageable} {ergonomic}
     bool UseCompressedClassPointers               = true                           {product lp64_product} {ergonomic}
     bool UseCompressedOops                        = true                           {product lp64_product} {ergonomic}
     bool UseG1GC                                  = true                                      {product} {ergonomic}
     bool UseLargePagesIndividualAllocation        = false                                  {pd product} {ergonomic}

Logging:
Log output configuration:
 #0: stdout all=warning uptime,level,tags
 #1: stderr all=off uptime,level,tags

Environment Variables:
PATH=C:\Program Files\Common Files\Oracle\Java\javapath;C:\Program Files (x86)\Common Files\Oracle\Java\javapath;C:\Windows\system32;C:\Windows;C:\Windows\System32\Wbem;C:\Windows\System32\WindowsPowerShell\v1.0\;C:\Windows\System32\OpenSSH\;C:\Program Files\Git\cmd;C:\Program Files\MySQL\MySQL Shell 8.0\bin\;C:\Users\RAFAEL\AppData\Local\Microsoft\WindowsApps;C:\Users\RAFAEL\AppData\Local\Programs\Microsoft VS Code\bin;C:\xampp\php
USERNAME=RAFAEL
OS=Windows_NT
PROCESSOR_IDENTIFIER=Intel64 Family 6 Model 158 Stepping 10, GenuineIntel



---------------  S Y S T E M  ---------------

OS:
 Windows 10 , 64 bit Build 19041 (10.0.19041.3031)
OS uptime: 8 days 16:17 hours

CPU: total 4 (initial active 4) (4 cores per cpu, 1 threads per core) family 6 model 158 stepping 10 microcode 0xb4, cx8, cmov, fxsr, mmx, 3dnowpref, sse, sse2, sse3, ssse3, sse4.1, sse4.2, popcnt, lzcnt, tsc, tscinvbit, avx, avx2, aes, erms, clmul, bmi1, bmi2, adx, fma, vzeroupper, clflush, clflushopt

Memory: 4k page, system-wide physical 8134M (593M free)
TotalPageFile size 10170M (AvailPageFile size 118M)
current process WorkingSet (physical memory assigned to process): 10M, peak: 10M
current process commit charge ("private bytes"): 51M, peak: 179M

vm_info: Java HotSpot(TM) 64-Bit Server VM (17.0.6+9-LTS-190) for windows-amd64 JRE (17.0.6+9-LTS-190), built on Dec  6 2022 15:53:54 by "mach5one" with MS VC++ 17.1 (VS2022)

END.
